[2025-10-08 20:25:40] - INFO - code.database.repo.queries - Connecting to database...
[2025-10-08 20:25:40] - INFO - code.database.repo.queries - Successfully connected to database.
[2025-10-08 20:25:40] - INFO - code.database.repo.queries - Getting rows from "FACULTS" with filters=None...
[2025-10-08 20:25:40] - DEBUG - code.database.repo.queries - SQL: SELECT rowid, * FROM FACULTS -- params=()
[2025-10-08 20:25:40] - INFO - code.database.repo.queries - Successfully fetched rows
[2025-10-08 20:25:40] - INFO - code.database.repo.queries - Removing rows from "FACULTS": rowids=[4, 5, 6, 7]...
[2025-10-08 20:25:40] - DEBUG - code.database.repo.queries - SQL (bulk delete): DELETE FROM FACULTS WHERE rowid IN (?, ?, ?, ?) -- params=[4, 5, 6, 7]
[2025-10-08 20:25:40] - INFO - code.database.repo.queries - Deleted 4 rows (requested 4)
[2025-10-08 20:25:48] - INFO - code.database.repo.queries - Connecting to database...
[2025-10-08 20:25:48] - INFO - code.database.repo.queries - Successfully connected to database.
[2025-10-08 20:25:48] - INFO - code.database.repo.queries - Getting rows from "FACULTS" with filters=None...
[2025-10-08 20:25:48] - DEBUG - code.database.repo.queries - SQL: SELECT rowid, * FROM FACULTS -- params=()
[2025-10-08 20:25:48] - INFO - code.database.repo.queries - Successfully fetched rows
[2025-10-08 20:25:56] - INFO - code.database.repo.queries - Connecting to database...
[2025-10-08 20:25:56] - INFO - code.database.repo.queries - Successfully connected to database.
[2025-10-08 20:25:56] - INFO - code.database.repo.queries - Getting rows from "FACULTS" with filters=None...
[2025-10-08 20:25:56] - DEBUG - code.database.repo.queries - SQL: SELECT rowid, * FROM FACULTS -- params=()
[2025-10-08 20:25:56] - INFO - code.database.repo.queries - Successfully fetched rows
[2025-10-08 20:25:56] - INFO - code.database.repo.queries - Removing rows from "FACULTS": rowids=[2, 3]...
[2025-10-08 20:25:56] - DEBUG - code.database.repo.queries - SQL (bulk delete): DELETE FROM FACULTS WHERE rowid IN (?, ?) -- params=[2, 3]
[2025-10-08 20:25:56] - INFO - code.database.repo.queries - Deleted 2 rows (requested 2)
[2025-10-08 20:26:00] - INFO - code.database.repo.queries - Connecting to database...
[2025-10-08 20:26:00] - INFO - code.database.repo.queries - Successfully connected to database.
[2025-10-08 20:26:00] - INFO - code.database.repo.queries - Getting rows from "FACULTS" with filters=None...
[2025-10-08 20:26:00] - DEBUG - code.database.repo.queries - SQL: SELECT rowid, * FROM FACULTS -- params=()
[2025-10-08 20:26:00] - INFO - code.database.repo.queries - Successfully fetched rows
[2025-10-08 20:26:01] - INFO - code.database.repo.queries - Connecting to database...
[2025-10-08 20:26:01] - INFO - code.database.repo.queries - Successfully connected to database.
[2025-10-08 20:26:01] - INFO - code.database.repo.queries - Getting rows from "FACULTS" with filters=None...
[2025-10-08 20:26:01] - DEBUG - code.database.repo.queries - SQL: SELECT rowid, * FROM FACULTS -- params=()
[2025-10-08 20:26:01] - INFO - code.database.repo.queries - Successfully fetched rows
[2025-10-08 20:26:44] - INFO - code.database.repo.queries - Connecting to database...
[2025-10-08 20:26:44] - INFO - code.database.repo.queries - Successfully connected to database.
[2025-10-08 20:26:44] - INFO - code.database.repo.queries - Getting rows from "FACULTS" with filters=None...
[2025-10-08 20:26:44] - DEBUG - code.database.repo.queries - SQL: SELECT rowid, * FROM FACULTS -- params=()
[2025-10-08 20:26:44] - INFO - code.database.repo.queries - Successfully fetched rows
